<?xml version="1.0" encoding="UTF-8"?>
<!-- Generated by org.testng.reporters.JUnitReportReporter -->
<testsuite hostname="Zing4" failures="0" tests="1" name="Base.HandleWindows" time="11.083" errors="0" timestamp="2025-01-13T15:07:26 IST" skipped="0">
  <testcase classname="Base.HandleWindows" name="testHandlewindow" time="11.083"/>
</testsuite> <!-- Base.HandleWindows -->
